#
# There is insufficient memory for the Java Runtime Environment to continue.
# Native memory allocation (malloc) failed to allocate 238496 bytes for Chunk::new
# Possible reasons:
#   The system is out of physical RAM or swap space
#   The process is running with CompressedOops enabled, and the Java Heap may be blocking the growth of the native heap
# Possible solutions:
#   Reduce memory load on the system
#   Increase physical memory or swap space
#   Check if swap backing store is full
#   Decrease Java heap size (-Xmx/-Xms)
#   Decrease number of Java threads
#   Decrease Java thread stack sizes (-Xss)
#   Set larger code cache with -XX:ReservedCodeCacheSize=
#   JVM is running with Unscaled Compressed Oops mode in which the Java heap is
#     placed in the first 4GB address space. The Java Heap base address is the
#     maximum limit for the native heap growth. Please use -XX:HeapBaseMinAddress
#     to set the Java Heap base and to place the Java Heap above 4GB virtual address.
# This output file may be truncated or incomplete.
#
#  Out of Memory Error (arena.cpp:184), pid=19500, tid=23380
#
# JRE version: OpenJDK Runtime Environment Temurin-19.0.2+7 (19.0.2+7) (build 19.0.2+7)
# Java VM: OpenJDK 64-Bit Server VM Temurin-19.0.2+7 (19.0.2+7, mixed mode, tiered, compressed oops, compressed class ptrs, g1 gc, windows-amd64)
# No core dump will be written. Minidumps are not enabled by default on client versions of Windows
#

---------------  S U M M A R Y ------------

Command Line: -Dfile.encoding=UTF-8 -XX:+ShowCodeDetailsInExceptionMessages playwright_packages.BrowserClass

Host: Intel(R) Core(TM) i5-5300U CPU @ 2.30GHz, 4 cores, 7G,  Windows 10 , 64 bit Build 19041 (10.0.19041.3570)
Time: Thu Oct 19 16:44:00 2023 Pakistan Standard Time elapsed time: 180.535246 seconds (0d 0h 3m 0s)

---------------  T H R E A D  ---------------

Current thread (0x000001e97c537d30):  JavaThread "C2 CompilerThread0" daemon [_thread_in_native, id=23380, stack(0x00000072b5300000,0x00000072b5400000)]


Current CompileTask:
C2: 180536 1597       4       com.google.gson.internal.LinkedTreeMap::find (276 bytes)

Stack: [0x00000072b5300000,0x00000072b5400000]
Native frames: (J=compiled Java code, j=interpreted, Vv=VM code, C=native code)
V  [jvm.dll+0x6e9e1a]
V  [jvm.dll+0x8a36c0]
V  [jvm.dll+0x8a50ae]
V  [jvm.dll+0x8a5763]
V  [jvm.dll+0x27bcdf]
V  [jvm.dll+0xc221f]
V  [jvm.dll+0xc2595]
V  [jvm.dll+0x2f2acf]
V  [jvm.dll+0x5ea39e]
V  [jvm.dll+0x24e233]
V  [jvm.dll+0x246d0e]
V  [jvm.dll+0x244565]
V  [jvm.dll+0x1cf4b1]
V  [jvm.dll+0x254229]
V  [jvm.dll+0x252418]
V  [jvm.dll+0x85403d]
V  [jvm.dll+0x84de3a]
V  [jvm.dll+0x6e8abb]
C  [ucrtbase.dll+0x21bb2]
C  [KERNEL32.DLL+0x17344]
C  [ntdll.dll+0x526b1]


---------------  P R O C E S S  ---------------

Threads class SMR info:
_java_thread_list=0x000001e97c80c0f0, length=14, elements={
0x000001e95ea0d7a0, 0x000001e978373a70, 0x000001e9783746f0, 0x000001e97c53df90,
0x000001e97c53e4d0, 0x000001e97c53ea10, 0x000001e97c5357e0, 0x000001e97c537d30,
0x000001e97c575650, 0x000001e97c581070, 0x000001e97c6d9990, 0x000001e97c6de4f0,
0x000001e97c8cb470, 0x000001e97c8083e0
}

Java Threads: ( => current thread )
  0x000001e95ea0d7a0 JavaThread "main" [_thread_blocked, id=3036, stack(0x00000072b4600000,0x00000072b4700000)]
  0x000001e978373a70 JavaThread "Reference Handler" daemon [_thread_blocked, id=2040, stack(0x00000072b4d00000,0x00000072b4e00000)]
  0x000001e9783746f0 JavaThread "Finalizer" daemon [_thread_blocked, id=16696, stack(0x00000072b4e00000,0x00000072b4f00000)]
  0x000001e97c53df90 JavaThread "Signal Dispatcher" daemon [_thread_blocked, id=14088, stack(0x00000072b4f00000,0x00000072b5000000)]
  0x000001e97c53e4d0 JavaThread "Attach Listener" daemon [_thread_blocked, id=15392, stack(0x00000072b5000000,0x00000072b5100000)]
  0x000001e97c53ea10 JavaThread "Service Thread" daemon [_thread_blocked, id=20836, stack(0x00000072b5100000,0x00000072b5200000)]
  0x000001e97c5357e0 JavaThread "Monitor Deflation Thread" daemon [_thread_blocked, id=26268, stack(0x00000072b5200000,0x00000072b5300000)]
=>0x000001e97c537d30 JavaThread "C2 CompilerThread0" daemon [_thread_in_native, id=23380, stack(0x00000072b5300000,0x00000072b5400000)]
  0x000001e97c575650 JavaThread "C1 CompilerThread0" daemon [_thread_blocked, id=26288, stack(0x00000072b5400000,0x00000072b5500000)]
  0x000001e97c581070 JavaThread "Sweeper thread" daemon [_thread_blocked, id=6136, stack(0x00000072b5500000,0x00000072b5600000)]
  0x000001e97c6d9990 JavaThread "Notification Thread" daemon [_thread_blocked, id=11080, stack(0x00000072b5600000,0x00000072b5700000)]
  0x000001e97c6de4f0 JavaThread "Common-Cleaner" daemon [_thread_blocked, id=15692, stack(0x00000072b5800000,0x00000072b5900000)]
  0x000001e97c8cb470 JavaThread "Thread-0" [_thread_in_native, id=22444, stack(0x00000072b5c00000,0x00000072b5d00000)]
  0x000001e97c8083e0 JavaThread "Thread-1" [_thread_blocked, id=18168, stack(0x00000072b5d00000,0x00000072b5e00000)]

Other Threads:
  0x000001e978350980 VMThread "VM Thread" [stack: 0x00000072b4c00000,0x00000072b4d00000] [id=21848]
  0x000001e97c6648a0 WatcherThread "VM Periodic Task Thread" [stack: 0x00000072b5700000,0x00000072b5800000] [id=5836]
  0x000001e95ea6c380 WorkerThread "GC Thread#0" [stack: 0x00000072b4700000,0x00000072b4800000] [id=12708]
  0x000001e97cd63460 WorkerThread "GC Thread#1" [stack: 0x00000072b5900000,0x00000072b5a00000] [id=26208]
  0x000001e97cd63730 WorkerThread "GC Thread#2" [stack: 0x00000072b5a00000,0x00000072b5b00000] [id=16136]
  0x000001e97c7bf840 WorkerThread "GC Thread#3" [stack: 0x00000072b5b00000,0x00000072b5c00000] [id=9876]
  0x000001e95ea7cf20 ConcurrentGCThread "G1 Main Marker" [stack: 0x00000072b4800000,0x00000072b4900000] [id=17160]
  0x000001e95ea7e290 WorkerThread "G1 Conc#0" [stack: 0x00000072b4900000,0x00000072b4a00000] [id=10624]
  0x000001e95eadd970 ConcurrentGCThread "G1 Refine#0" [stack: 0x00000072b4a00000,0x00000072b4b00000] [id=14388]
  0x000001e95eaddd70 ConcurrentGCThread "G1 Service" [stack: 0x00000072b4b00000,0x00000072b4c00000] [id=26244]

Threads with active compile tasks:
C2 CompilerThread0   180614 1597       4       com.google.gson.internal.LinkedTreeMap::find (276 bytes)

VM state: not at safepoint (normal execution)

VM Mutex/Monitor currently owned by a thread: None

Heap address: 0x0000000081e00000, size: 2018 MB, Compressed Oops mode: 32-bit

CDS archive(s) not mapped
Compressed class space mapped at: 0x0000000100000000-0x0000000140000000, reserved size: 1073741824
Narrow klass base: 0x0000000000000000, Narrow klass shift: 3, Narrow klass range: 0x140000000

GC Precious Log:
 CardTable entry size: 512
 Card Set container configuration: InlinePtr #cards 5 size 8 Array Of Cards #cards 12 size 40 Howl #buckets 4 coarsen threshold 1843 Howl Bitmap #cards 512 size 80 coarsen threshold 460 Card regions per heap region 1 cards per card region 2048
 CPUs: 4 total, 4 available
 Memory: 8067M
 Large Page Support: Disabled
 NUMA Support: Disabled
 Compressed Oops: Enabled (32-bit)
 Heap Region Size: 1M
 Heap Min Capacity: 8M
 Heap Initial Capacity: 128M
 Heap Max Capacity: 2018M
 Pre-touch: Disabled
 Parallel Workers: 4
 Concurrent Workers: 1
 Concurrent Refinement Workers: 4
 Periodic GC: Disabled

Heap:
 garbage-first heap   total 131072K, used 14903K [0x0000000081e00000, 0x0000000100000000)
  region size 1024K, 15 young (15360K), 2 survivors (2048K)
 Metaspace       used 14531K, committed 14720K, reserved 1114112K
  class space    used 1245K, committed 1344K, reserved 1048576K

Heap Regions: E=young(eden), S=young(survivor), O=old, HS=humongous(starts), HC=humongous(continues), CS=collection set, F=free, OA=open archive, CA=closed archive, TAMS=top-at-mark-start (previous, next)
|   0|0x0000000081e00000, 0x0000000081e8dc00, 0x0000000081f00000| 55%| O|  |TAMS 0x0000000081e00000, 0x0000000081e00000| Untracked 
|   1|0x0000000081f00000, 0x0000000081f00000, 0x0000000082000000|  0%| F|  |TAMS 0x0000000081f00000, 0x0000000081f00000| Untracked 
|   2|0x0000000082000000, 0x0000000082000000, 0x0000000082100000|  0%| F|  |TAMS 0x0000000082000000, 0x0000000082000000| Untracked 
|   3|0x0000000082100000, 0x0000000082100000, 0x0000000082200000|  0%| F|  |TAMS 0x0000000082100000, 0x0000000082100000| Untracked 
|   4|0x0000000082200000, 0x0000000082200000, 0x0000000082300000|  0%| F|  |TAMS 0x0000000082200000, 0x0000000082200000| Untracked 
|   5|0x0000000082300000, 0x0000000082300000, 0x0000000082400000|  0%| F|  |TAMS 0x0000000082300000, 0x0000000082300000| Untracked 
|   6|0x0000000082400000, 0x0000000082400000, 0x0000000082500000|  0%| F|  |TAMS 0x0000000082400000, 0x0000000082400000| Untracked 
|   7|0x0000000082500000, 0x0000000082500000, 0x0000000082600000|  0%| F|  |TAMS 0x0000000082500000, 0x0000000082500000| Untracked 
|   8|0x0000000082600000, 0x0000000082600000, 0x0000000082700000|  0%| F|  |TAMS 0x0000000082600000, 0x0000000082600000| Untracked 
|   9|0x0000000082700000, 0x0000000082700000, 0x0000000082800000|  0%| F|  |TAMS 0x0000000082700000, 0x0000000082700000| Untracked 
|  10|0x0000000082800000, 0x0000000082800000, 0x0000000082900000|  0%| F|  |TAMS 0x0000000082800000, 0x0000000082800000| Untracked 
|  11|0x0000000082900000, 0x0000000082900000, 0x0000000082a00000|  0%| F|  |TAMS 0x0000000082900000, 0x0000000082900000| Untracked 
|  12|0x0000000082a00000, 0x0000000082a00000, 0x0000000082b00000|  0%| F|  |TAMS 0x0000000082a00000, 0x0000000082a00000| Untracked 
|  13|0x0000000082b00000, 0x0000000082b00000, 0x0000000082c00000|  0%| F|  |TAMS 0x0000000082b00000, 0x0000000082b00000| Untracked 
|  14|0x0000000082c00000, 0x0000000082c00000, 0x0000000082d00000|  0%| F|  |TAMS 0x0000000082c00000, 0x0000000082c00000| Untracked 
|  15|0x0000000082d00000, 0x0000000082d00000, 0x0000000082e00000|  0%| F|  |TAMS 0x0000000082d00000, 0x0000000082d00000| Untracked 
|  16|0x0000000082e00000, 0x0000000082e00000, 0x0000000082f00000|  0%| F|  |TAMS 0x0000000082e00000, 0x0000000082e00000| Untracked 
|  17|0x0000000082f00000, 0x0000000082f00000, 0x0000000083000000|  0%| F|  |TAMS 0x0000000082f00000, 0x0000000082f00000| Untracked 
|  18|0x0000000083000000, 0x0000000083000000, 0x0000000083100000|  0%| F|  |TAMS 0x0000000083000000, 0x0000000083000000| Untracked 
|  19|0x0000000083100000, 0x0000000083100000, 0x0000000083200000|  0%| F|  |TAMS 0x0000000083100000, 0x0000000083100000| Untracked 
|  20|0x0000000083200000, 0x0000000083200000, 0x0000000083300000|  0%| F|  |TAMS 0x0000000083200000, 0x0000000083200000| Untracked 
|  21|0x0000000083300000, 0x0000000083300000, 0x0000000083400000|  0%| F|  |TAMS 0x0000000083300000, 0x0000000083300000| Untracked 
|  22|0x0000000083400000, 0x0000000083400000, 0x0000000083500000|  0%| F|  |TAMS 0x0000000083400000, 0x0000000083400000| Untracked 
|  23|0x0000000083500000, 0x0000000083500000, 0x0000000083600000|  0%| F|  |TAMS 0x0000000083500000, 0x0000000083500000| Untracked 
|  24|0x0000000083600000, 0x0000000083600000, 0x0000000083700000|  0%| F|  |TAMS 0x0000000083600000, 0x0000000083600000| Untracked 
|  25|0x0000000083700000, 0x0000000083700000, 0x0000000083800000|  0%| F|  |TAMS 0x0000000083700000, 0x0000000083700000| Untracked 
|  26|0x0000000083800000, 0x0000000083800000, 0x0000000083900000|  0%| F|  |TAMS 0x0000000083800000, 0x0000000083800000| Untracked 
|  27|0x0000000083900000, 0x0000000083900000, 0x0000000083a00000|  0%| F|  |TAMS 0x0000000083900000, 0x0000000083900000| Untracked 
|  28|0x0000000083a00000, 0x0000000083a00000, 0x0000000083b00000|  0%| F|  |TAMS 0x0000000083a00000, 0x0000000083a00000| Untracked 
|  29|0x0000000083b00000, 0x0000000083b00000, 0x0000000083c00000|  0%| F|  |TAMS 0x0000000083b00000, 0x0000000083b00000| Untracked 
|  30|0x0000000083c00000, 0x0000000083c00000, 0x0000000083d00000|  0%| F|  |TAMS 0x0000000083c00000, 0x0000000083c00000| Untracked 
|  31|0x0000000083d00000, 0x0000000083d00000, 0x0000000083e00000|  0%| F|  |TAMS 0x0000000083d00000, 0x0000000083d00000| Untracked 
|  32|0x0000000083e00000, 0x0000000083e00000, 0x0000000083f00000|  0%| F|  |TAMS 0x0000000083e00000, 0x0000000083e00000| Untracked 
|  33|0x0000000083f00000, 0x0000000083f00000, 0x0000000084000000|  0%| F|  |TAMS 0x0000000083f00000, 0x0000000083f00000| Untracked 
|  34|0x0000000084000000, 0x0000000084000000, 0x0000000084100000|  0%| F|  |TAMS 0x0000000084000000, 0x0000000084000000| Untracked 
|  35|0x0000000084100000, 0x0000000084100000, 0x0000000084200000|  0%| F|  |TAMS 0x0000000084100000, 0x0000000084100000| Untracked 
|  36|0x0000000084200000, 0x0000000084200000, 0x0000000084300000|  0%| F|  |TAMS 0x0000000084200000, 0x0000000084200000| Untracked 
|  37|0x0000000084300000, 0x0000000084300000, 0x0000000084400000|  0%| F|  |TAMS 0x0000000084300000, 0x0000000084300000| Untracked 
|  38|0x0000000084400000, 0x0000000084400000, 0x0000000084500000|  0%| F|  |TAMS 0x0000000084400000, 0x0000000084400000| Untracked 
|  39|0x0000000084500000, 0x0000000084500000, 0x0000000084600000|  0%| F|  |TAMS 0x0000000084500000, 0x0000000084500000| Untracked 
|  40|0x0000000084600000, 0x0000000084600000, 0x0000000084700000|  0%| F|  |TAMS 0x0000000084600000, 0x0000000084600000| Untracked 
|  41|0x0000000084700000, 0x0000000084700000, 0x0000000084800000|  0%| F|  |TAMS 0x0000000084700000, 0x0000000084700000| Untracked 
|  42|0x0000000084800000, 0x0000000084800000, 0x0000000084900000|  0%| F|  |TAMS 0x0000000084800000, 0x0000000084800000| Untracked 
|  43|0x0000000084900000, 0x0000000084900000, 0x0000000084a00000|  0%| F|  |TAMS 0x0000000084900000, 0x0000000084900000| Untracked 
|  44|0x0000000084a00000, 0x0000000084a00000, 0x0000000084b00000|  0%| F|  |TAMS 0x0000000084a00000, 0x0000000084a00000| Untracked 
|  45|0x0000000084b00000, 0x0000000084b00000, 0x0000000084c00000|  0%| F|  |TAMS 0x0000000084b00000, 0x0000000084b00000| Untracked 
|  46|0x0000000084c00000, 0x0000000084c00000, 0x0000000084d00000|  0%| F|  |TAMS 0x0000000084c00000, 0x0000000084c00000| Untracked 
|  47|0x0000000084d00000, 0x0000000084d00000, 0x0000000084e00000|  0%| F|  |TAMS 0x0000000084d00000, 0x0000000084d00000| Untracked 
|  48|0x0000000084e00000, 0x0000000084e00000, 0x0000000084f00000|  0%| F|  |TAMS 0x0000000084e00000, 0x0000000084e00000| Untracked 
|  49|0x0000000084f00000, 0x0000000084f00000, 0x0000000085000000|  0%| F|  |TAMS 0x0000000084f00000, 0x0000000084f00000| Untracked 
|  50|0x0000000085000000, 0x0000000085000000, 0x0000000085100000|  0%| F|  |TAMS 0x0000000085000000, 0x0000000085000000| Untracked 
|  51|0x0000000085100000, 0x0000000085100000, 0x0000000085200000|  0%| F|  |TAMS 0x0000000085100000, 0x0000000085100000| Untracked 
|  52|0x0000000085200000, 0x0000000085200000, 0x0000000085300000|  0%| F|  |TAMS 0x0000000085200000, 0x0000000085200000| Untracked 
|  53|0x0000000085300000, 0x0000000085300000, 0x0000000085400000|  0%| F|  |TAMS 0x0000000085300000, 0x0000000085300000| Untracked 
|  54|0x0000000085400000, 0x0000000085400000, 0x0000000085500000|  0%| F|  |TAMS 0x0000000085400000, 0x0000000085400000| Untracked 
|  55|0x0000000085500000, 0x0000000085500000, 0x0000000085600000|  0%| F|  |TAMS 0x0000000085500000, 0x0000000085500000| Untracked 
|  56|0x0000000085600000, 0x0000000085600000, 0x0000000085700000|  0%| F|  |TAMS 0x0000000085600000, 0x0000000085600000| Untracked 
|  57|0x0000000085700000, 0x0000000085700000, 0x0000000085800000|  0%| F|  |TAMS 0x0000000085700000, 0x0000000085700000| Untracked 
|  58|0x0000000085800000, 0x0000000085800000, 0x0000000085900000|  0%| F|  |TAMS 0x0000000085800000, 0x0000000085800000| Untracked 
|  59|0x0000000085900000, 0x0000000085900000, 0x0000000085a00000|  0%| F|  |TAMS 0x0000000085900000, 0x0000000085900000| Untracked 
|  60|0x0000000085a00000, 0x0000000085a00000, 0x0000000085b00000|  0%| F|  |TAMS 0x0000000085a00000, 0x0000000085a00000| Untracked 
|  61|0x0000000085b00000, 0x0000000085b00000, 0x0000000085c00000|  0%| F|  |TAMS 0x0000000085b00000, 0x0000000085b00000| Untracked 
|  62|0x0000000085c00000, 0x0000000085c00000, 0x0000000085d00000|  0%| F|  |TAMS 0x0000000085c00000, 0x0000000085c00000| Untracked 
|  63|0x0000000085d00000, 0x0000000085d00000, 0x0000000085e00000|  0%| F|  |TAMS 0x0000000085d00000, 0x0000000085d00000| Untracked 
|  64|0x0000000085e00000, 0x0000000085e00000, 0x0000000085f00000|  0%| F|  |TAMS 0x0000000085e00000, 0x0000000085e00000| Untracked 
|  65|0x0000000085f00000, 0x0000000085f00000, 0x0000000086000000|  0%| F|  |TAMS 0x0000000085f00000, 0x0000000085f00000| Untracked 
|  66|0x0000000086000000, 0x0000000086000000, 0x0000000086100000|  0%| F|  |TAMS 0x0000000086000000, 0x0000000086000000| Untracked 
|  67|0x0000000086100000, 0x0000000086100000, 0x0000000086200000|  0%| F|  |TAMS 0x0000000086100000, 0x0000000086100000| Untracked 
|  68|0x0000000086200000, 0x0000000086200000, 0x0000000086300000|  0%| F|  |TAMS 0x0000000086200000, 0x0000000086200000| Untracked 
|  69|0x0000000086300000, 0x0000000086300000, 0x0000000086400000|  0%| F|  |TAMS 0x0000000086300000, 0x0000000086300000| Untracked 
|  70|0x0000000086400000, 0x0000000086400000, 0x0000000086500000|  0%| F|  |TAMS 0x0000000086400000, 0x0000000086400000| Untracked 
|  71|0x0000000086500000, 0x0000000086500000, 0x0000000086600000|  0%| F|  |TAMS 0x0000000086500000, 0x0000000086500000| Untracked 
|  72|0x0000000086600000, 0x0000000086600000, 0x0000000086700000|  0%| F|  |TAMS 0x0000000086600000, 0x0000000086600000| Untracked 
|  73|0x0000000086700000, 0x0000000086700000, 0x0000000086800000|  0%| F|  |TAMS 0x0000000086700000, 0x0000000086700000| Untracked 
|  74|0x0000000086800000, 0x0000000086800000, 0x0000000086900000|  0%| F|  |TAMS 0x0000000086800000, 0x0000000086800000| Untracked 
|  75|0x0000000086900000, 0x0000000086900000, 0x0000000086a00000|  0%| F|  |TAMS 0x0000000086900000, 0x0000000086900000| Untracked 
|  76|0x0000000086a00000, 0x0000000086a00000, 0x0000000086b00000|  0%| F|  |TAMS 0x0000000086a00000, 0x0000000086a00000| Untracked 
|  77|0x0000000086b00000, 0x0000000086b00000, 0x0000000086c00000|  0%| F|  |TAMS 0x0000000086b00000, 0x0000000086b00000| Untracked 
|  78|0x0000000086c00000, 0x0000000086c00000, 0x0000000086d00000|  0%| F|  |TAMS 0x0000000086c00000, 0x0000000086c00000| Untracked 
|  79|0x0000000086d00000, 0x0000000086d00000, 0x0000000086e00000|  0%| F|  |TAMS 0x0000000086d00000, 0x0000000086d00000| Untracked 
|  80|0x0000000086e00000, 0x0000000086e00000, 0x0000000086f00000|  0%| F|  |TAMS 0x0000000086e00000, 0x0000000086e00000| Untracked 
|  81|0x0000000086f00000, 0x0000000086f00000, 0x0000000087000000|  0%| F|  |TAMS 0x0000000086f00000, 0x0000000086f00000| Untracked 
|  82|0x0000000087000000, 0x0000000087000000, 0x0000000087100000|  0%| F|  |TAMS 0x0000000087000000, 0x0000000087000000| Untracked 
|  83|0x0000000087100000, 0x0000000087100000, 0x0000000087200000|  0%| F|  |TAMS 0x0000000087100000, 0x0000000087100000| Untracked 
|  84|0x0000000087200000, 0x0000000087200000, 0x0000000087300000|  0%| F|  |TAMS 0x0000000087200000, 0x0000000087200000| Untracked 
|  85|0x0000000087300000, 0x0000000087300000, 0x0000000087400000|  0%| F|  |TAMS 0x0000000087300000, 0x0000000087300000| Untracked 
|  86|0x0000000087400000, 0x0000000087400000, 0x0000000087500000|  0%| F|  |TAMS 0x0000000087400000, 0x0000000087400000| Untracked 
|  87|0x0000000087500000, 0x0000000087500000, 0x0000000087600000|  0%| F|  |TAMS 0x0000000087500000, 0x0000000087500000| Untracked 
|  88|0x0000000087600000, 0x0000000087600000, 0x0000000087700000|  0%| F|  |TAMS 0x0000000087600000, 0x0000000087600000| Untracked 
|  89|0x0000000087700000, 0x0000000087700000, 0x0000000087800000|  0%| F|  |TAMS 0x0000000087700000, 0x0000000087700000| Untracked 
|  90|0x0000000087800000, 0x0000000087800000, 0x0000000087900000|  0%| F|  |TAMS 0x0000000087800000, 0x0000000087800000| Untracked 
|  91|0x0000000087900000, 0x0000000087900000, 0x0000000087a00000|  0%| F|  |TAMS 0x0000000087900000, 0x0000000087900000| Untracked 
|  92|0x0000000087a00000, 0x0000000087a00000, 0x0000000087b00000|  0%| F|  |TAMS 0x0000000087a00000, 0x0000000087a00000| Untracked 
|  93|0x0000000087b00000, 0x0000000087b00000, 0x0000000087c00000|  0%| F|  |TAMS 0x0000000087b00000, 0x0000000087b00000| Untracked 
|  94|0x0000000087c00000, 0x0000000087c00000, 0x0000000087d00000|  0%| F|  |TAMS 0x0000000087c00000, 0x0000000087c00000| Untracked 
|  95|0x0000000087d00000, 0x0000000087d00000, 0x0000000087e00000|  0%| F|  |TAMS 0x0000000087d00000, 0x0000000087d00000| Untracked 
|  96|0x0000000087e00000, 0x0000000087e00000, 0x0000000087f00000|  0%| F|  |TAMS 0x0000000087e00000, 0x0000000087e00000| Untracked 
|  97|0x0000000087f00000, 0x0000000087f00000, 0x0000000088000000|  0%| F|  |TAMS 0x0000000087f00000, 0x0000000087f00000| Untracked 
|  98|0x0000000088000000, 0x0000000088000000, 0x0000000088100000|  0%| F|  |TAMS 0x0000000088000000, 0x0000000088000000| Untracked 
|  99|0x0000000088100000, 0x0000000088100000, 0x0000000088200000|  0%| F|  |TAMS 0x0000000088100000, 0x0000000088100000| Untracked 
| 100|0x0000000088200000, 0x0000000088200000, 0x0000000088300000|  0%| F|  |TAMS 0x0000000088200000, 0x0000000088200000| Untracked 
| 101|0x0000000088300000, 0x0000000088300000, 0x0000000088400000|  0%| F|  |TAMS 0x0000000088300000, 0x0000000088300000| Untracked 
| 102|0x0000000088400000, 0x0000000088400000, 0x0000000088500000|  0%| F|  |TAMS 0x0000000088400000, 0x0000000088400000| Untracked 
| 103|0x0000000088500000, 0x0000000088500000, 0x0000000088600000|  0%| F|  |TAMS 0x0000000088500000, 0x0000000088500000| Untracked 
| 104|0x0000000088600000, 0x0000000088600000, 0x0000000088700000|  0%| F|  |TAMS 0x0000000088600000, 0x0000000088600000| Untracked 
| 105|0x0000000088700000, 0x0000000088700000, 0x0000000088800000|  0%| F|  |TAMS 0x0000000088700000, 0x0000000088700000| Untracked 
| 106|0x0000000088800000, 0x0000000088800000, 0x0000000088900000|  0%| F|  |TAMS 0x0000000088800000, 0x0000000088800000| Untracked 
| 107|0x0000000088900000, 0x0000000088900000, 0x0000000088a00000|  0%| F|  |TAMS 0x0000000088900000, 0x0000000088900000| Untracked 
| 108|0x0000000088a00000, 0x0000000088a00000, 0x0000000088b00000|  0%| F|  |TAMS 0x0000000088a00000, 0x0000000088a00000| Untracked 
| 109|0x0000000088b00000, 0x0000000088b00000, 0x0000000088c00000|  0%| F|  |TAMS 0x0000000088b00000, 0x0000000088b00000| Untracked 
| 110|0x0000000088c00000, 0x0000000088c00000, 0x0000000088d00000|  0%| F|  |TAMS 0x0000000088c00000, 0x0000000088c00000| Untracked 
| 111|0x0000000088d00000, 0x0000000088d00000, 0x0000000088e00000|  0%| F|  |TAMS 0x0000000088d00000, 0x0000000088d00000| Untracked 
| 112|0x0000000088e00000, 0x0000000088e00000, 0x0000000088f00000|  0%| F|  |TAMS 0x0000000088e00000, 0x0000000088e00000| Untracked 
| 113|0x0000000088f00000, 0x0000000089000000, 0x0000000089000000|100%| S|CS|TAMS 0x0000000088f00000, 0x0000000088f00000| Complete 
| 114|0x0000000089000000, 0x0000000089100000, 0x0000000089100000|100%| S|CS|TAMS 0x0000000089000000, 0x0000000089000000| Complete 
| 115|0x0000000089100000, 0x0000000089152458, 0x0000000089200000| 32%| E|  |TAMS 0x0000000089100000, 0x0000000089100000| Complete 
| 116|0x0000000089200000, 0x0000000089300000, 0x0000000089300000|100%| E|CS|TAMS 0x0000000089200000, 0x0000000089200000| Complete 
| 117|0x0000000089300000, 0x0000000089400000, 0x0000000089400000|100%| E|CS|TAMS 0x0000000089300000, 0x0000000089300000| Complete 
| 118|0x0000000089400000, 0x0000000089500000, 0x0000000089500000|100%| E|CS|TAMS 0x0000000089400000, 0x0000000089400000| Complete 
| 119|0x0000000089500000, 0x0000000089600000, 0x0000000089600000|100%| E|CS|TAMS 0x0000000089500000, 0x0000000089500000| Complete 
| 120|0x0000000089600000, 0x0000000089700000, 0x0000000089700000|100%| E|CS|TAMS 0x0000000089600000, 0x0000000089600000| Complete 
| 121|0x0000000089700000, 0x0000000089800000, 0x0000000089800000|100%| E|CS|TAMS 0x0000000089700000, 0x0000000089700000| Complete 
| 122|0x0000000089800000, 0x0000000089900000, 0x0000000089900000|100%| E|CS|TAMS 0x0000000089800000, 0x0000000089800000| Complete 
| 123|0x0000000089900000, 0x0000000089a00000, 0x0000000089a00000|100%| E|CS|TAMS 0x0000000089900000, 0x0000000089900000| Complete 
| 124|0x0000000089a00000, 0x0000000089b00000, 0x0000000089b00000|100%| E|CS|TAMS 0x0000000089a00000, 0x0000000089a00000| Complete 
| 125|0x0000000089b00000, 0x0000000089c00000, 0x0000000089c00000|100%| E|CS|TAMS 0x0000000089b00000, 0x0000000089b00000| Complete 
| 126|0x0000000089c00000, 0x0000000089d00000, 0x0000000089d00000|100%| E|CS|TAMS 0x0000000089c00000, 0x0000000089c00000| Complete 
| 127|0x0000000089d00000, 0x0000000089e00000, 0x0000000089e00000|100%| E|CS|TAMS 0x0000000089d00000, 0x0000000089d00000| Complete 

Card table byte_map: [0x000001e971730000,0x000001e971b30000] _byte_map_base: 0x000001e971321000

Marking Bits (Prev, Next): (CMBitMap*) 0x000001e95ea6c9b0, (CMBitMap*) 0x000001e95ea6c9f0
 Prev Bits: [0x000001e971f30000, 0x000001e973eb8000)
 Next Bits: [0x000001e973ec0000, 0x000001e975e48000)

Polling page: 0x000001e95c870000

Metaspace:

Usage:
  Non-class:     12.97 MB used.
      Class:      1.22 MB used.
       Both:     14.19 MB used.

Virtual space:
  Non-class space:       64.00 MB reserved,      13.06 MB ( 20%) committed,  1 nodes.
      Class space:        1.00 GB reserved,       1.31 MB ( <1%) committed,  1 nodes.
             Both:        1.06 GB reserved,      14.38 MB (  1%) committed. 

Chunk freelists:
   Non-Class:  2.47 MB
       Class:  2.61 MB
        Both:  5.07 MB

MaxMetaspaceSize: unlimited
CompressedClassSpaceSize: 1.00 GB
Initial GC threshold: 21.00 MB
Current GC threshold: 21.00 MB
CDS: off
MetaspaceReclaimPolicy: balanced
 - commit_granule_bytes: 65536.
 - commit_granule_words: 8192.
 - virtual_space_node_default_size: 8388608.
 - enlarge_chunks_in_place: 1.
 - new_chunks_are_fully_committed: 0.
 - uncommit_free_chunks: 1.
 - use_allocation_guard: 0.


Internal statistics:

num_allocs_failed_limit: 0.
num_arena_births: 100.
num_arena_deaths: 0.
num_vsnodes_births: 2.
num_vsnodes_deaths: 0.
num_space_committed: 230.
num_space_uncommitted: 0.
num_chunks_returned_to_freelist: 0.
num_chunks_taken_from_freelist: 256.
num_chunk_merges: 0.
num_chunk_splits: 153.
num_chunks_enlarged: 98.
num_inconsistent_stats: 0.

CodeHeap 'non-profiled nmethods': size=120000Kb used=540Kb max_used=540Kb free=119459Kb
 bounds [0x000001e969e00000, 0x000001e96a070000, 0x000001e971330000]
CodeHeap 'profiled nmethods': size=120000Kb used=3010Kb max_used=3010Kb free=116989Kb
 bounds [0x000001e962330000, 0x000001e962630000, 0x000001e969860000]
CodeHeap 'non-nmethods': size=5760Kb used=1256Kb max_used=1277Kb free=4503Kb
 bounds [0x000001e969860000, 0x000001e969ad0000, 0x000001e969e00000]
 total_blobs=2066 nmethods=1596 adapters=381
 compilation: enabled
              stopped_count=0, restarted_count=0
 full_count=0

Compilation events (20 events):
Event: 157.512 Thread 0x000001e97c575650 nmethod 1587 0x000001e962618e10 code [0x000001e962618fe0, 0x000001e962619238]
Event: 159.510 Thread 0x000001e97c575650 1588       3       com.google.gson.internal.bind.JsonTreeReader::nextJsonElement (79 bytes)
Event: 159.511 Thread 0x000001e97c575650 nmethod 1588 0x000001e962619310 code [0x000001e9626195a0, 0x000001e96261a098]
Event: 159.511 Thread 0x000001e97c575650 1589       3       com.google.gson.internal.bind.JsonTreeReader::skipValue (79 bytes)
Event: 159.512 Thread 0x000001e97c575650 nmethod 1589 0x000001e96261a510 code [0x000001e96261a720, 0x000001e96261ad28]
Event: 164.507 Thread 0x000001e97c575650 1590       3       java.util.concurrent.locks.AbstractQueuedSynchronizer$Node::setPrevRelaxed (12 bytes)
Event: 164.508 Thread 0x000001e97c575650 nmethod 1590 0x000001e96261af10 code [0x000001e96261b0a0, 0x000001e96261b1f8]
Event: 164.508 Thread 0x000001e97c575650 1591       3       java.util.concurrent.locks.AbstractQueuedSynchronizer::casTail (13 bytes)
Event: 164.508 Thread 0x000001e97c575650 nmethod 1591 0x000001e96261b290 code [0x000001e96261b420, 0x000001e96261b598]
Event: 165.526 Thread 0x000001e97c537d30 1592       4       java.lang.AbstractStringBuilder::append (37 bytes)
Event: 165.550 Thread 0x000001e97c537d30 nmethod 1592 0x000001e969e85f10 code [0x000001e969e860c0, 0x000001e969e868a8]
Event: 166.497 Thread 0x000001e97c575650 1593       3       java.lang.invoke.LambdaForm$MH/0x0000000100120400::invoke (63 bytes)
Event: 166.499 Thread 0x000001e97c575650 nmethod 1593 0x000001e96261b610 code [0x000001e96261b920, 0x000001e96261cc48]
Event: 166.499 Thread 0x000001e97c575650 1594       3       java.lang.invoke.LambdaForm$MH/0x0000000100120800::invoke (63 bytes)
Event: 166.501 Thread 0x000001e97c575650 nmethod 1594 0x000001e96261d210 code [0x000001e96261d520, 0x000001e96261e848]
Event: 168.499 Thread 0x000001e97c575650 1595       3       java.lang.invoke.LambdaForm$MH/0x0000000100120c00::invoke (63 bytes)
Event: 168.500 Thread 0x000001e97c575650 nmethod 1595 0x000001e96261ee10 code [0x000001e96261f120, 0x000001e962620448]
Event: 172.518 Thread 0x000001e97c537d30 1596       4       com.google.gson.stream.JsonReader::readEscapeCharacter (389 bytes)
Event: 172.520 Thread 0x000001e97c537d30 nmethod 1596 0x000001e969e86c90 code [0x000001e969e86e20, 0x000001e969e86f18]
Event: 180.502 Thread 0x000001e97c537d30 1597       4       com.google.gson.internal.LinkedTreeMap::find (276 bytes)

GC Heap History (2 events):
Event: 13.206 GC heap before
{Heap before GC invocations=0 (full 0):
 garbage-first heap   total 131072K, used 12288K [0x0000000081e00000, 0x0000000100000000)
  region size 1024K, 13 young (13312K), 0 survivors (0K)
 Metaspace       used 10454K, committed 10624K, reserved 1114112K
  class space    used 869K, committed 960K, reserved 1048576K
}
Event: 13.211 GC heap after
{Heap after GC invocations=1 (full 0):
 garbage-first heap   total 131072K, used 2615K [0x0000000081e00000, 0x0000000100000000)
  region size 1024K, 2 young (2048K), 2 survivors (2048K)
 Metaspace       used 10454K, committed 10624K, reserved 1114112K
  class space    used 869K, committed 960K, reserved 1048576K
}

Dll operation events (6 events):
Event: 0.036 Loaded shared library C:\Users\Fizzah Mazhar\.p2\pool\plugins\org.eclipse.justj.openjdk.hotspot.jre.full.win32.x86_64_19.0.2.v20230129-1123\jre\bin\java.dll
Event: 0.051 Loaded shared library C:\Users\Fizzah Mazhar\.p2\pool\plugins\org.eclipse.justj.openjdk.hotspot.jre.full.win32.x86_64_19.0.2.v20230129-1123\jre\bin\zip.dll
Event: 0.278 Loaded shared library C:\Users\Fizzah Mazhar\.p2\pool\plugins\org.eclipse.justj.openjdk.hotspot.jre.full.win32.x86_64_19.0.2.v20230129-1123\jre\bin\net.dll
Event: 0.283 Loaded shared library C:\Users\Fizzah Mazhar\.p2\pool\plugins\org.eclipse.justj.openjdk.hotspot.jre.full.win32.x86_64_19.0.2.v20230129-1123\jre\bin\nio.dll
Event: 0.294 Loaded shared library C:\Users\Fizzah Mazhar\.p2\pool\plugins\org.eclipse.justj.openjdk.hotspot.jre.full.win32.x86_64_19.0.2.v20230129-1123\jre\bin\zip.dll
Event: 0.583 Loaded shared library C:\Users\Fizzah Mazhar\.p2\pool\plugins\org.eclipse.justj.openjdk.hotspot.jre.full.win32.x86_64_19.0.2.v20230129-1123\jre\bin\jimage.dll

Deoptimization events (20 events):
Event: 14.467 Thread 0x000001e95ea0d7a0 Uncommon trap: trap_request=0xffffffde fr.pc=0x000001e969e60a74 relative=0x0000000000000d54
Event: 14.467 Thread 0x000001e95ea0d7a0 Uncommon trap: reason=class_check action=maybe_recompile pc=0x000001e969e60a74 method=java.util.concurrent.ConcurrentHashMap.putVal(Ljava/lang/Object;Ljava/lang/Object;Z)Ljava/lang/Object; @ 242 c2
Event: 14.467 Thread 0x000001e95ea0d7a0 DEOPT PACKING pc=0x000001e969e60a74 sp=0x00000072b46fe540
Event: 14.467 Thread 0x000001e95ea0d7a0 DEOPT UNPACKING pc=0x000001e9698c6da3 sp=0x00000072b46fe4b0 mode 2
Event: 16.158 Thread 0x000001e95ea0d7a0 DEOPT PACKING pc=0x000001e9623f1467 sp=0x00000072b46fdaf0
Event: 16.158 Thread 0x000001e95ea0d7a0 DEOPT UNPACKING pc=0x000001e9698c7543 sp=0x00000072b46fcfd8 mode 0
Event: 17.536 Thread 0x000001e97c8cb470 DEOPT PACKING pc=0x000001e9624584be sp=0x00000072b5cfeec0
Event: 17.536 Thread 0x000001e97c8cb470 DEOPT UNPACKING pc=0x000001e9698c7543 sp=0x00000072b5cfe370 mode 0
Event: 17.536 Thread 0x000001e97c8cb470 Uncommon trap: trap_request=0xffffff45 fr.pc=0x000001e969e69730 relative=0x0000000000000b10
Event: 17.536 Thread 0x000001e97c8cb470 Uncommon trap: reason=unstable_if action=reinterpret pc=0x000001e969e69730 method=com.google.gson.stream.JsonReader.nextQuotedValue(C)Ljava/lang/String; @ 96 c2
Event: 17.536 Thread 0x000001e97c8cb470 DEOPT PACKING pc=0x000001e969e69730 sp=0x00000072b5cfe620
Event: 17.536 Thread 0x000001e97c8cb470 DEOPT UNPACKING pc=0x000001e9698c6da3 sp=0x00000072b5cfe5c8 mode 2
Event: 17.544 Thread 0x000001e95ea0d7a0 Uncommon trap: trap_request=0xffffffde fr.pc=0x000001e969e60a74 relative=0x0000000000000d54
Event: 17.544 Thread 0x000001e95ea0d7a0 Uncommon trap: reason=class_check action=maybe_recompile pc=0x000001e969e60a74 method=java.util.concurrent.ConcurrentHashMap.putVal(Ljava/lang/Object;Ljava/lang/Object;Z)Ljava/lang/Object; @ 242 c2
Event: 17.544 Thread 0x000001e95ea0d7a0 DEOPT PACKING pc=0x000001e969e60a74 sp=0x00000072b46fe850
Event: 17.545 Thread 0x000001e95ea0d7a0 DEOPT UNPACKING pc=0x000001e9698c6da3 sp=0x00000072b46fe7c0 mode 2
Event: 22.704 Thread 0x000001e97c8cb470 DEOPT PACKING pc=0x000001e96237d357 sp=0x00000072b5cfee80
Event: 22.704 Thread 0x000001e97c8cb470 DEOPT UNPACKING pc=0x000001e9698c7543 sp=0x00000072b5cfe300 mode 0
Event: 38.498 Thread 0x000001e95ea0d7a0 DEOPT PACKING pc=0x000001e9623835fa sp=0x00000072b46fe730
Event: 38.499 Thread 0x000001e95ea0d7a0 DEOPT UNPACKING pc=0x000001e9698c7543 sp=0x00000072b46fdb68 mode 0

Classes loaded (20 events):
Event: 17.475 Loading class java/lang/WeakPairMap$Pair$Weak$1
Event: 17.476 Loading class java/lang/WeakPairMap$Pair$Weak$1 done
Event: 17.479 Loading class java/lang/reflect/ProxyGenerator
Event: 17.480 Loading class java/lang/reflect/ProxyGenerator done
Event: 17.484 Loading class java/lang/reflect/ProxyGenerator$ProxyMethod
Event: 17.486 Loading class java/lang/reflect/ProxyGenerator$ProxyMethod done
Event: 17.486 Loading class java/util/StringJoiner
Event: 17.487 Loading class java/util/StringJoiner done
Event: 17.490 Loading class java/lang/reflect/ProxyGenerator$PrimitiveTypeInfo
Event: 17.490 Loading class java/lang/reflect/ProxyGenerator$PrimitiveTypeInfo done
Event: 17.491 Loading class jdk/internal/org/objectweb/asm/Edge
Event: 17.491 Loading class jdk/internal/org/objectweb/asm/Edge done
Event: 17.493 Loading class java/lang/reflect/Proxy$ProxyBuilder$1
Event: 17.493 Loading class java/lang/reflect/Proxy$ProxyBuilder$1 done
Event: 18.492 Loading class jdk/internal/math/FDBigInteger
Event: 18.493 Loading class jdk/internal/math/FDBigInteger done
Event: 18.514 Loading class jdk/internal/reflect/MethodHandleDoubleFieldAccessorImpl
Event: 18.515 Loading class jdk/internal/reflect/MethodHandleDoubleFieldAccessorImpl done
Event: 23.629 Loading class java/lang/invoke/MethodHandle$1
Event: 23.629 Loading class java/lang/invoke/MethodHandle$1 done

Classes unloaded (0 events):
No events

Classes redefined (0 events):
No events

Internal exceptions (20 events):
Event: 7.007 Thread 0x000001e95ea0d7a0 Exception <a 'sun/nio/fs/WindowsException'{0x00000000891b1020}> (0x00000000891b1020) 
thrown [s\src\hotspot\share\prims\jni.cpp, line 517]
Event: 7.010 Thread 0x000001e95ea0d7a0 Exception <a 'sun/nio/fs/WindowsException'{0x00000000891b4e58}> (0x00000000891b4e58) 
thrown [s\src\hotspot\share\prims\jni.cpp, line 517]
Event: 7.010 Thread 0x000001e95ea0d7a0 Exception <a 'sun/nio/fs/WindowsException'{0x00000000891b5238}> (0x00000000891b5238) 
thrown [s\src\hotspot\share\prims\jni.cpp, line 517]
Event: 7.012 Thread 0x000001e95ea0d7a0 Exception <a 'sun/nio/fs/WindowsException'{0x00000000891b8f00}> (0x00000000891b8f00) 
thrown [s\src\hotspot\share\prims\jni.cpp, line 517]
Event: 7.012 Thread 0x000001e95ea0d7a0 Exception <a 'sun/nio/fs/WindowsException'{0x00000000891b92e8}> (0x00000000891b92e8) 
thrown [s\src\hotspot\share\prims\jni.cpp, line 517]
Event: 7.015 Thread 0x000001e95ea0d7a0 Exception <a 'sun/nio/fs/WindowsException'{0x00000000891bd250}> (0x00000000891bd250) 
thrown [s\src\hotspot\share\prims\jni.cpp, line 517]
Event: 7.015 Thread 0x000001e95ea0d7a0 Exception <a 'sun/nio/fs/WindowsException'{0x00000000891bd608}> (0x00000000891bd608) 
thrown [s\src\hotspot\share\prims\jni.cpp, line 517]
Event: 7.018 Thread 0x000001e95ea0d7a0 Exception <a 'sun/nio/fs/WindowsException'{0x00000000891c11d0}> (0x00000000891c11d0) 
thrown [s\src\hotspot\share\prims\jni.cpp, line 517]
Event: 7.018 Thread 0x000001e95ea0d7a0 Exception <a 'sun/nio/fs/WindowsException'{0x00000000891c15b0}> (0x00000000891c15b0) 
thrown [s\src\hotspot\share\prims\jni.cpp, line 517]
Event: 7.051 Thread 0x000001e95ea0d7a0 Exception <a 'java/lang/NoSuchMethodError'{0x00000000891d1110}: 'void java.lang.invoke.DirectMethodHandle$Holder.invokeStatic(java.lang.Object, long)'> (0x00000000891d1110) 
thrown [s\src\hotspot\share\interpreter\linkResolver.cpp, line 774]
Event: 7.052 Thread 0x000001e95ea0d7a0 Exception <a 'java/lang/NoSuchMethodError'{0x00000000891d67c8}: 'java.lang.Object java.lang.invoke.DirectMethodHandle$Holder.newInvokeSpecial(java.lang.Object, long)'> (0x00000000891d67c8) 
thrown [s\src\hotspot\share\interpreter\linkResolver.cpp, line 774]
Event: 7.056 Thread 0x000001e95ea0d7a0 Exception <a 'java/lang/NoSuchMethodError'{0x00000000891de508}: 'java.lang.Object java.lang.invoke.DirectMethodHandle$Holder.invokeStatic(java.lang.Object, long, java.lang.Object)'> (0x00000000891de508) 
thrown [s\src\hotspot\share\interpreter\linkResolver.cpp, line 774]
Event: 7.057 Thread 0x000001e95ea0d7a0 Exception <a 'java/lang/NoSuchMethodError'{0x00000000891e1f38}: 'java.lang.Object java.lang.invoke.DirectMethodHandle$Holder.invokeStaticInit(java.lang.Object, long, java.lang.Object)'> (0x00000000891e1f38) 
thrown [s\src\hotspot\share\interpreter\linkResolver.cpp, line 774]
Event: 13.426 Thread 0x000001e97c8cb470 Implicit null exception at 0x000001e969e23cd0 to 0x000001e969e23d88
Event: 14.473 Thread 0x000001e95ea0d7a0 Exception <a 'java/lang/NoSuchMethodError'{0x0000000089729318}: 'void java.lang.invoke.Invokers$Holder.invokeExact_MT(java.lang.Object, java.lang.Object, java.lang.Object, java.lang.Object)'> (0x0000000089729318) 
thrown [s\src\hotspot\share\interpreter\linkResolver.cpp, line 774]
Event: 14.480 Thread 0x000001e95ea0d7a0 Exception <a 'java/lang/NoSuchMethodError'{0x000000008973a588}: 'int java.lang.invoke.DirectMethodHandle$Holder.invokeSpecial(java.lang.Object, java.lang.Object, java.lang.Object)'> (0x000000008973a588) 
thrown [s\src\hotspot\share\interpreter\linkResolver.cpp, line 774]
Event: 14.483 Thread 0x000001e95ea0d7a0 Exception <a 'java/lang/NoSuchMethodError'{0x0000000089745400}: 'void java.lang.invoke.DelegatingMethodHandle$Holder.reinvoke_L(java.lang.Object, java.lang.Object, int)'> (0x0000000089745400) 
thrown [s\src\hotspot\share\interpreter\linkResolver.cpp, line 774]
Event: 14.490 Thread 0x000001e95ea0d7a0 Exception <a 'java/lang/NoSuchMethodError'{0x0000000089756b60}: 'void java.lang.invoke.DirectMethodHandle$Holder.invokeStatic(java.lang.Object, java.lang.Object, java.lang.Object)'> (0x0000000089756b60) 
thrown [s\src\hotspot\share\interpreter\linkResolver.cpp, line 774]
Event: 18.518 Thread 0x000001e95ea0d7a0 Exception <a 'java/lang/NoSuchMethodError'{0x0000000089695058}: 'double java.lang.invoke.DelegatingMethodHandle$Holder.reinvoke_L(java.lang.Object, java.lang.Object)'> (0x0000000089695058) 
thrown [s\src\hotspot\share\interpreter\linkResolver.cpp, line 774]
Event: 18.524 Thread 0x000001e95ea0d7a0 Exception <a 'java/lang/NoSuchMethodError'{0x000000008969f7d0}: 'void java.lang.invoke.DelegatingMethodHandle$Holder.reinvoke_L(java.lang.Object, java.lang.Object, double)'> (0x000000008969f7d0) 
thrown [s\src\hotspot\share\interpreter\linkResolver.cpp, line 774]

VM Operations (20 events):
Event: 52.932 Executing VM operation: Cleanup
Event: 52.932 Executing VM operation: Cleanup done
Event: 66.065 Executing VM operation: Cleanup
Event: 66.066 Executing VM operation: Cleanup done
Event: 81.202 Executing VM operation: Cleanup
Event: 81.202 Executing VM operation: Cleanup done
Event: 82.214 Executing VM operation: Cleanup
Event: 82.215 Executing VM operation: Cleanup done
Event: 90.321 Executing VM operation: Cleanup
Event: 90.321 Executing VM operation: Cleanup done
Event: 91.333 Executing VM operation: Cleanup
Event: 91.334 Executing VM operation: Cleanup done
Event: 133.767 Executing VM operation: Cleanup
Event: 133.767 Executing VM operation: Cleanup done
Event: 135.790 Executing VM operation: Cleanup
Event: 135.790 Executing VM operation: Cleanup done
Event: 137.814 Executing VM operation: Cleanup
Event: 137.815 Executing VM operation: Cleanup done
Event: 153.963 Executing VM operation: Cleanup
Event: 153.963 Executing VM operation: Cleanup done

Events (18 events):
Event: 0.097 Thread 0x000001e95ea0d7a0 Thread added: 0x000001e95ea0d7a0
Event: 0.148 Thread 0x000001e978373a70 Thread added: 0x000001e978373a70
Event: 0.148 Thread 0x000001e9783746f0 Thread added: 0x000001e9783746f0
Event: 0.150 Thread 0x000001e97c53df90 Thread added: 0x000001e97c53df90
Event: 0.150 Thread 0x000001e97c53e4d0 Thread added: 0x000001e97c53e4d0
Event: 0.151 Thread 0x000001e97c53ea10 Thread added: 0x000001e97c53ea10
Event: 0.151 Thread 0x000001e97c5357e0 Thread added: 0x000001e97c5357e0
Event: 0.151 Thread 0x000001e97c537d30 Thread added: 0x000001e97c537d30
Event: 0.151 Thread 0x000001e97c575650 Thread added: 0x000001e97c575650
Event: 0.151 Thread 0x000001e97c581070 Thread added: 0x000001e97c581070
Event: 0.242 Thread 0x000001e97c6d9990 Thread added: 0x000001e97c6d9990
Event: 0.256 Thread 0x000001e97c6de4f0 Thread added: 0x000001e97c6de4f0
Event: 0.705 Thread 0x000001e97c576c90 Thread added: 0x000001e97c576c90
Event: 0.821 Thread 0x000001e97c576c90 Thread exited: 0x000001e97c576c90
Event: 6.311 Thread 0x000001e97c576170 Thread added: 0x000001e97c576170
Event: 6.423 Thread 0x000001e97c576170 Thread exited: 0x000001e97c576170
Event: 13.270 Thread 0x000001e97c8cb470 Thread added: 0x000001e97c8cb470
Event: 13.272 Thread 0x000001e97c8083e0 Thread added: 0x000001e97c8083e0


Dynamic libraries:
0x00007ff7dbd10000 - 0x00007ff7dbd1e000 	C:\Users\Fizzah Mazhar\.p2\pool\plugins\org.eclipse.justj.openjdk.hotspot.jre.full.win32.x86_64_19.0.2.v20230129-1123\jre\bin\javaw.exe
0x00007ffa815f0000 - 0x00007ffa817e7000 	C:\WINDOWS\SYSTEM32\ntdll.dll
0x00007ffa81420000 - 0x00007ffa814dd000 	C:\WINDOWS\System32\KERNEL32.DLL
0x00007ffa7ed80000 - 0x00007ffa7f076000 	C:\WINDOWS\System32\KERNELBASE.dll
0x00007ffa7f120000 - 0x00007ffa7f220000 	C:\WINDOWS\System32\ucrtbase.dll
0x00007ffa772a0000 - 0x00007ffa772b9000 	C:\Users\Fizzah Mazhar\.p2\pool\plugins\org.eclipse.justj.openjdk.hotspot.jre.full.win32.x86_64_19.0.2.v20230129-1123\jre\bin\VCRUNTIME140.dll
0x00007ffa6deb0000 - 0x00007ffa6dec7000 	C:\Users\Fizzah Mazhar\.p2\pool\plugins\org.eclipse.justj.openjdk.hotspot.jre.full.win32.x86_64_19.0.2.v20230129-1123\jre\bin\jli.dll
0x00007ffa7fed0000 - 0x00007ffa8006e000 	C:\WINDOWS\System32\USER32.dll
0x00007ffa7f560000 - 0x00007ffa7f582000 	C:\WINDOWS\System32\win32u.dll
0x00007ffa80670000 - 0x00007ffa8069c000 	C:\WINDOWS\System32\GDI32.dll
0x00007ffa7f220000 - 0x00007ffa7f33a000 	C:\WINDOWS\System32\gdi32full.dll
0x00007ffa6e6f0000 - 0x00007ffa6e98a000 	C:\WINDOWS\WinSxS\amd64_microsoft.windows.common-controls_6595b64144ccf1df_6.0.19041.3570_none_60bb2a3971f3e41a\COMCTL32.dll
0x00007ffa7f080000 - 0x00007ffa7f11d000 	C:\WINDOWS\System32\msvcp_win.dll
0x00007ffa81250000 - 0x00007ffa812ee000 	C:\WINDOWS\System32\msvcrt.dll
0x00007ffa80640000 - 0x00007ffa80670000 	C:\WINDOWS\System32\IMM32.DLL
0x00007ffa6ddb0000 - 0x00007ffa6ddbc000 	C:\Users\Fizzah Mazhar\.p2\pool\plugins\org.eclipse.justj.openjdk.hotspot.jre.full.win32.x86_64_19.0.2.v20230129-1123\jre\bin\vcruntime140_1.dll
0x00007ffa514e0000 - 0x00007ffa51571000 	C:\Users\Fizzah Mazhar\.p2\pool\plugins\org.eclipse.justj.openjdk.hotspot.jre.full.win32.x86_64_19.0.2.v20230129-1123\jre\bin\msvcp140.dll
0x00007ffa12970000 - 0x00007ffa13661000 	C:\Users\Fizzah Mazhar\.p2\pool\plugins\org.eclipse.justj.openjdk.hotspot.jre.full.win32.x86_64_19.0.2.v20230129-1123\jre\bin\server\jvm.dll
0x00007ffa81500000 - 0x00007ffa815ae000 	C:\WINDOWS\System32\ADVAPI32.dll
0x00007ffa800d0000 - 0x00007ffa8016c000 	C:\WINDOWS\System32\sechost.dll
0x00007ffa80e60000 - 0x00007ffa80f86000 	C:\WINDOWS\System32\RPCRT4.dll
0x00007ffa538e0000 - 0x00007ffa538e9000 	C:\WINDOWS\SYSTEM32\WSOCK32.dll
0x00007ffa6eb60000 - 0x00007ffa6eb87000 	C:\WINDOWS\SYSTEM32\WINMM.dll
0x00007ffa80a60000 - 0x00007ffa80acb000 	C:\WINDOWS\System32\WS2_32.dll
0x00007ffa73fd0000 - 0x00007ffa73fda000 	C:\WINDOWS\SYSTEM32\VERSION.dll
0x00007ffa7d500000 - 0x00007ffa7d512000 	C:\WINDOWS\SYSTEM32\kernel.appcore.dll
0x00007ffa6dff0000 - 0x00007ffa6dffa000 	C:\Users\Fizzah Mazhar\.p2\pool\plugins\org.eclipse.justj.openjdk.hotspot.jre.full.win32.x86_64_19.0.2.v20230129-1123\jre\bin\jimage.dll
0x00007ffa7cb40000 - 0x00007ffa7cd24000 	C:\WINDOWS\SYSTEM32\DBGHELP.DLL
0x00007ffa6b9d0000 - 0x00007ffa6ba04000 	C:\WINDOWS\SYSTEM32\dbgcore.DLL
0x00007ffa7f4a0000 - 0x00007ffa7f522000 	C:\WINDOWS\System32\bcryptPrimitives.dll
0x00007ffa58030000 - 0x00007ffa58056000 	C:\Users\Fizzah Mazhar\.p2\pool\plugins\org.eclipse.justj.openjdk.hotspot.jre.full.win32.x86_64_19.0.2.v20230129-1123\jre\bin\java.dll
0x00007ffa65f00000 - 0x00007ffa65f18000 	C:\Users\Fizzah Mazhar\.p2\pool\plugins\org.eclipse.justj.openjdk.hotspot.jre.full.win32.x86_64_19.0.2.v20230129-1123\jre\bin\zip.dll
0x00007ffa7f650000 - 0x00007ffa7fd94000 	C:\WINDOWS\System32\SHELL32.dll
0x00007ffa7cd50000 - 0x00007ffa7d4eb000 	C:\WINDOWS\SYSTEM32\windows.storage.dll
0x00007ffa806a0000 - 0x00007ffa809f4000 	C:\WINDOWS\System32\combase.dll
0x00007ffa7e710000 - 0x00007ffa7e73d000 	C:\WINDOWS\SYSTEM32\Wldp.dll
0x00007ffa7fda0000 - 0x00007ffa7fe4d000 	C:\WINDOWS\System32\SHCORE.dll
0x00007ffa80a00000 - 0x00007ffa80a55000 	C:\WINDOWS\System32\shlwapi.dll
0x00007ffa7ec00000 - 0x00007ffa7ec25000 	C:\WINDOWS\SYSTEM32\profapi.dll
0x00007ffa58010000 - 0x00007ffa58023000 	C:\Users\Fizzah Mazhar\.p2\pool\plugins\org.eclipse.justj.openjdk.hotspot.jre.full.win32.x86_64_19.0.2.v20230129-1123\jre\bin\net.dll
0x00007ffa740a0000 - 0x00007ffa741aa000 	C:\WINDOWS\SYSTEM32\WINHTTP.dll
0x00007ffa7e470000 - 0x00007ffa7e4da000 	C:\WINDOWS\system32\mswsock.dll
0x00007ffa57ff0000 - 0x00007ffa58006000 	C:\Users\Fizzah Mazhar\.p2\pool\plugins\org.eclipse.justj.openjdk.hotspot.jre.full.win32.x86_64_19.0.2.v20230129-1123\jre\bin\nio.dll
0x00007ffa7e660000 - 0x00007ffa7e678000 	C:\WINDOWS\SYSTEM32\CRYPTSP.dll
0x00007ffa7dd10000 - 0x00007ffa7dd44000 	C:\WINDOWS\system32\rsaenh.dll
0x00007ffa7f530000 - 0x00007ffa7f557000 	C:\WINDOWS\System32\bcrypt.dll
0x00007ffa7eb80000 - 0x00007ffa7ebae000 	C:\WINDOWS\SYSTEM32\USERENV.dll
0x00007ffa7e680000 - 0x00007ffa7e68c000 	C:\WINDOWS\SYSTEM32\CRYPTBASE.dll
0x00007ffa7e110000 - 0x00007ffa7e14b000 	C:\WINDOWS\SYSTEM32\IPHLPAPI.DLL
0x00007ffa814f0000 - 0x00007ffa814f8000 	C:\WINDOWS\System32\NSI.dll
0x00007ffa73f00000 - 0x00007ffa73f17000 	C:\WINDOWS\SYSTEM32\dhcpcsvc6.DLL
0x00007ffa74ea0000 - 0x00007ffa74ebd000 	C:\WINDOWS\SYSTEM32\dhcpcsvc.DLL
0x00007ffa7e160000 - 0x00007ffa7e22a000 	C:\WINDOWS\SYSTEM32\DNSAPI.dll

dbghelp: loaded successfully - version: 4.0.5 - missing functions: none
symbol engine: initialized successfully - sym options: 0x614 - pdb path: .;C:\Users\Fizzah Mazhar\.p2\pool\plugins\org.eclipse.justj.openjdk.hotspot.jre.full.win32.x86_64_19.0.2.v20230129-1123\jre\bin;C:\WINDOWS\SYSTEM32;C:\WINDOWS\WinSxS\amd64_microsoft.windows.common-controls_6595b64144ccf1df_6.0.19041.3570_none_60bb2a3971f3e41a;C:\Users\Fizzah Mazhar\.p2\pool\plugins\org.eclipse.justj.openjdk.hotspot.jre.full.win32.x86_64_19.0.2.v20230129-1123\jre\bin\server

VM Arguments:
jvm_args: -Dfile.encoding=UTF-8 -XX:+ShowCodeDetailsInExceptionMessages 
java_command: playwright_packages.BrowserClass
java_class_path (initial): C:\Users\Fizzah Mazhar\eclipse-workspace\Playwrightdemo.com\target\classes;C:\Users\Fizzah Mazhar\.m2\repository\com\microsoft\playwright\playwright\1.38.0\playwright-1.38.0.jar;C:\Users\Fizzah Mazhar\.m2\repository\com\google\code\gson\gson\2.8.9\gson-2.8.9.jar;C:\Users\Fizzah Mazhar\.m2\repository\org\opentest4j\opentest4j\1.2.0\opentest4j-1.2.0.jar;C:\Users\Fizzah Mazhar\.m2\repository\com\microsoft\playwright\driver\1.38.0\driver-1.38.0.jar;C:\Users\Fizzah Mazhar\.m2\repository\com\microsoft\playwright\driver-bundle\1.38.0\driver-bundle-1.38.0.jar;C:\Users\Fizzah Mazhar\.m2\repository\org\testng\testng\7.4.0\testng-7.4.0.jar;C:\Users\Fizzah Mazhar\.m2\repository\com\beust\jcommander\1.78\jcommander-1.78.jar;C:\Users\Fizzah Mazhar\.m2\repository\org\webjars\jquery\3.5.1\jquery-3.5.1.jar;C:\Users\Fizzah Mazhar\.m2\repository\com\aventstack\extentreports\5.0.8\extentreports-5.0.8.jar;C:\Users\Fizzah Mazhar\.m2\repository\io\reactivex\rxjava3\rxjava\3.0.4\rxjava-3.0.4.jar;C:\Users\Fizzah Mazhar\.m2\repository\org\reactivestreams\reactive-streams\1.0.3\reactive-streams-1.0.3.jar;C:\Users\Fizzah Mazhar\.m2\repository\org\freemarker\freemarker\2.3.30\freemarker-2.3.30.jar;C:\Users\Fizzah Mazhar\.m2\repository\org\projectlombok\lombok\1.18.12\lombok-1.18.12.jar
Launcher Type: SUN_STANDARD

[Global flags]
     intx CICompilerCount                          = 3                                         {product} {ergonomic}
     uint ConcGCThreads                            = 1                                         {product} {ergonomic}
     uint G1ConcRefinementThreads                  = 4                                         {product} {ergonomic}
   size_t G1HeapRegionSize                         = 1048576                                   {product} {ergonomic}
    uintx GCDrainStackTargetSize                   = 64                                        {product} {ergonomic}
   size_t InitialHeapSize                          = 134217728                                 {product} {ergonomic}
   size_t MarkStackSize                            = 4194304                                   {product} {ergonomic}
   size_t MaxHeapSize                              = 2116026368                                {product} {ergonomic}
   size_t MaxNewSize                               = 1268776960                                {product} {ergonomic}
   size_t MinHeapDeltaBytes                        = 1048576                                   {product} {ergonomic}
   size_t MinHeapSize                              = 8388608                                   {product} {ergonomic}
    uintx NonNMethodCodeHeapSize                   = 5832780                                {pd product} {ergonomic}
    uintx NonProfiledCodeHeapSize                  = 122912730                              {pd product} {ergonomic}
    uintx ProfiledCodeHeapSize                     = 122912730                              {pd product} {ergonomic}
    uintx ReservedCodeCacheSize                    = 251658240                              {pd product} {ergonomic}
     bool SegmentedCodeCache                       = true                                      {product} {ergonomic}
     bool ShowCodeDetailsInExceptionMessages       = true                                   {manageable} {command line}
   size_t SoftMaxHeapSize                          = 2116026368                             {manageable} {ergonomic}
     bool UseCompressedClassPointers               = true                           {product lp64_product} {ergonomic}
     bool UseCompressedOops                        = true                           {product lp64_product} {ergonomic}
     bool UseG1GC                                  = true                                      {product} {ergonomic}
     bool UseLargePagesIndividualAllocation        = false                                  {pd product} {ergonomic}

Logging:
Log output configuration:
 #0: stdout all=warning uptime,level,tags foldmultilines=false
 #1: stderr all=off uptime,level,tags foldmultilines=false

Environment Variables:
PATH=C:/Users/Fizzah Mazhar/.p2/pool/plugins/org.eclipse.justj.openjdk.hotspot.jre.full.win32.x86_64_19.0.2.v20230129-1123/jre/bin/server;C:/Users/Fizzah Mazhar/.p2/pool/plugins/org.eclipse.justj.openjdk.hotspot.jre.full.win32.x86_64_19.0.2.v20230129-1123/jre/bin;C:\Program Files\Common Files\Oracle\Java\javapath;C:\Program Files (x86)\Common Files\Oracle\Java\javapath;C:\WINDOWS\system32;C:\WINDOWS;C:\WINDOWS\System32\Wbem;C:\WINDOWS\System32\WindowsPowerShell\v1.0\;C:\WINDOWS\System32\OpenSSH\;C:\Program Files (x86)\Java\apache-maven-3.9.5-bin\apache-maven-3.9.5\bin;C:\Program Files (x86)\Java\jdk-20\bin;C:\Users\Fizzah Mazhar\AppData\Local\Microsoft\WindowsApps;C:\Program Files (x86)\Java\jdk-20\bin;C:\Program Files (x86)\Java\apache-maven-3.9.5-bin\apache-maven-3.9.5\bin;;C:\WINDOWS\system32;
USERNAME=Fizzah Mazhar
OS=Windows_NT
PROCESSOR_IDENTIFIER=Intel64 Family 6 Model 61 Stepping 4, GenuineIntel
TMP=C:\Users\FIZZAH~1\AppData\Local\Temp
TEMP=C:\Users\FIZZAH~1\AppData\Local\Temp



---------------  S Y S T E M  ---------------

OS:
 Windows 10 , 64 bit Build 19041 (10.0.19041.3570)
OS uptime: 1 days 2:59 hours

CPU: total 4 (initial active 4) (2 cores per cpu, 2 threads per core) family 6 model 61 stepping 4 microcode 0x2d, cx8, cmov, fxsr, ht, mmx, 3dnowpref, sse, sse2, sse3, ssse3, sse4.1, sse4.2, popcnt, lzcnt, tsc, tscinvbit, avx, avx2, aes, erms, clmul, bmi1, bmi2, rtm, adx, fma, vzeroupper, clflush, rdtscp

Memory: 4k page, system-wide physical 8067M (360M free)
TotalPageFile size 16816M (AvailPageFile size 5M)
current process WorkingSet (physical memory assigned to process): 69M, peak: 71M
current process commit charge ("private bytes"): 211M, peak: 214M

vm_info: OpenJDK 64-Bit Server VM (19.0.2+7) for windows-amd64 JRE (19.0.2+7), built on 2023-01-17T00:00:00Z by "temurin" with MS VC++ 16.7 (VS2019)

END.
